<?xml version="1.0" encoding="UTF-8"?>
<!-- Generated by org.testng.reporters.JUnitReportReporter -->
<testsuite hostname="DESKTOP-C0K6CVK" failures="0" tests="1" name="suite.TC1" time="0.001" errors="0" timestamp="2023-03-17T14:30:39 IST" skipped="0">
  <testcase classname="suite.TC1" name="TC1Demo" time="0.001"/>
  <system-out/>
</testsuite> <!-- suite.TC1 -->
