<?xml version="1.0" encoding="UTF-8"?>
<!-- Generated by org.testng.reporters.JUnitReportReporter -->
<testsuite hostname="DESKTOP-C0K6CVK" failures="0" tests="2" name="suite.ParallelTestingDemo" time="20.351" errors="0" timestamp="2023-03-17T15:15:38 IST" skipped="0">
  <testcase classname="suite.ParallelTestingDemo" name="orange" time="8.904"/>
  <system-out/>
  <testcase classname="suite.ParallelTestingDemo" name="letcode" time="11.447"/>
  <system-out/>
</testsuite> <!-- suite.ParallelTestingDemo -->
