<?xml version="1.0" encoding="UTF-8"?>
<!-- Generated by org.testng.reporters.JUnitReportReporter -->
<testsuite hostname="DESKTOP-C0K6CVK" failures="0" tests="4" name="automation.testng.OrderofExecutionDemo" time="0.005" errors="0" timestamp="2023-03-17T14:33:32 IST" skipped="0">
  <testcase classname="automation.testng.OrderofExecutionDemo" name="order3" time="0.002"/>
  <system-out/>
  <testcase classname="automation.testng.OrderofExecutionDemo" name="order" time="0.001"/>
  <system-out/>
  <testcase classname="automation.testng.OrderofExecutionDemo" name="order1" time="0.001"/>
  <system-out/>
  <testcase classname="automation.testng.OrderofExecutionDemo" name="order2" time="0.001"/>
  <system-out/>
</testsuite> <!-- automation.testng.OrderofExecutionDemo -->
