<?xml version="1.0" encoding="UTF-8"?>
<!-- Generated by org.testng.reporters.JUnitReportReporter -->
<testsuite hostname="DESKTOP-C0K6CVK" failures="0" tests="5" name="suite.GroupingDemo" time="0.040" errors="0" timestamp="2023-03-17T15:07:53 IST" skipped="0">
  <testcase classname="suite.GroupingDemo" name="Samsung2" time="0.005"/>
  <system-out/>
  <testcase classname="suite.GroupingDemo" name="Samsung1" time="0.003"/>
  <system-out/>
  <testcase classname="suite.GroupingDemo" name="Samsung3" time="0.004"/>
  <system-out/>
  <testcase classname="suite.GroupingDemo" name="Apple2" time="0.004"/>
  <system-out/>
  <testcase classname="suite.GroupingDemo" name="Apple1" time="0.024"/>
  <system-out/>
</testsuite> <!-- suite.GroupingDemo -->
