<?xml version="1.0" encoding="UTF-8"?>
<!-- Generated by org.testng.reporters.JUnitReportReporter -->
<testsuite hostname="DESKTOP-C0K6CVK" failures="0" tests="3" name="automation.testng.SuiteDemo" time="11.459" errors="0" timestamp="2023-03-17T14:33:32 IST" skipped="0">
  <testcase classname="automation.testng.SuiteDemo" name="testLetCode" time="3.986"/>
  <system-out/>
  <testcase classname="automation.testng.SuiteDemo" name="testDemoWebsite" time="2.100"/>
  <system-out/>
  <testcase classname="automation.testng.SuiteDemo" name="testOrange" time="5.373"/>
  <system-out/>
</testsuite> <!-- automation.testng.SuiteDemo -->
