<?xml version="1.0" encoding="UTF-8"?>
<!-- Generated by org.testng.reporters.JUnitReportReporter -->
<testsuite hostname="DESKTOP-C0K6CVK" failures="0" tests="1" name="suite.TC3" time="0.002" errors="0" timestamp="2023-03-17T14:30:39 IST" skipped="0">
  <testcase classname="suite.TC3" name="TC3Demo" time="0.002"/>
  <system-out/>
</testsuite> <!-- suite.TC3 -->
