<?xml version="1.0" encoding="UTF-8"?>
<!-- Generated by org.testng.reporters.JUnitReportReporter -->
<testsuite hostname="DESKTOP-C0K6CVK" failures="0" tests="2" name="automation.testng.BasicTestNGDemo" time="20.158" errors="0" timestamp="2023-03-19T16:42:25 IST" skipped="0">
  <testcase classname="automation.testng.BasicTestNGDemo" name="BasicDemo" time="10.556"/>
  <system-out/>
  <testcase classname="automation.testng.BasicTestNGDemo" name="BasicDemo2" time="9.602"/>
  <system-out/>
</testsuite> <!-- automation.testng.BasicTestNGDemo -->
