<?xml version="1.0" encoding="UTF-8"?>
<!-- Generated by org.testng.reporters.JUnitReportReporter -->
<testsuite hostname="DESKTOP-C0K6CVK" failures="0" tests="4" name="automation.testng.ExcludeTestDemo" time="0.004" errors="0" timestamp="2023-03-17T14:33:32 IST" skipped="1">
  <testcase classname="automation.testng.ExcludeTestDemo" name="order3" time="0.002"/>
  <system-out/>
  <testcase classname="automation.testng.ExcludeTestDemo" name="order" time="0.001"/>
  <system-out/>
  <testcase classname="automation.testng.ExcludeTestDemo" name="order2" time="0.001"/>
  <system-out/>
  <testcase classname="automation.testng.ExcludeTestDemo" name="order1">
    <skipped/>
  </testcase> <!-- order1 -->
  <system-out/>
</testsuite> <!-- automation.testng.ExcludeTestDemo -->
