<?xml version="1.0" encoding="UTF-8"?>
<!-- Generated by org.testng.reporters.JUnitReportReporter -->
<testsuite hostname="DESKTOP-C0K6CVK" failures="0" tests="2" name="automation.selenium.LaunchDriverDemo" time="7.292" errors="0" timestamp="2023-03-12T13:49:38 IST" skipped="1">
  <testcase classname="automation.selenium.LaunchDriverDemo" name="launchDriverWithProp" time="7.292"/>
  <system-out/>
  <testcase classname="automation.selenium.LaunchDriverDemo" name="launchDriverNoProp">
    <skipped/>
  </testcase> <!-- launchDriverNoProp -->
  <system-out/>
</testsuite> <!-- automation.selenium.LaunchDriverDemo -->
