<?xml version="1.0" encoding="UTF-8"?>
<!-- Generated by org.testng.reporters.JUnitReportReporter -->
<testsuite hostname="DESKTOP-C0K6CVK" failures="0" tests="1" name="automation.selenium.PageNavigationDemo" time="16.532" errors="0" timestamp="2023-03-12T17:59:52 IST" skipped="0">
  <testcase classname="automation.selenium.PageNavigationDemo" name="PageDemo" time="16.532"/>
  <system-out/>
</testsuite> <!-- automation.selenium.PageNavigationDemo -->
