<?xml version="1.0" encoding="UTF-8"?>
<!-- Generated by org.testng.reporters.JUnitReportReporter -->
<testsuite hostname="DESKTOP-C0K6CVK" failures="0" tests="1" name="automation.selenium.FrameDemo" time="6.994" errors="0" timestamp="2023-03-12T18:20:12 IST" skipped="0">
  <testcase classname="automation.selenium.FrameDemo" name="DD" time="6.994"/>
  <system-out/>
</testsuite> <!-- automation.selenium.FrameDemo -->
