<?xml version="1.0" encoding="UTF-8"?>
<!-- Generated by org.testng.reporters.JUnitReportReporter -->
<testsuite hostname="DESKTOP-C0K6CVK" failures="0" tests="1" name="automation.selenium.SortablesDemo" time="9.723" errors="0" timestamp="2023-03-14T18:02:38 IST" skipped="0">
  <testcase classname="automation.selenium.SortablesDemo" name="Sortables" time="9.723"/>
  <system-out/>
</testsuite> <!-- automation.selenium.SortablesDemo -->
