<?xml version="1.0" encoding="UTF-8"?>
<!-- Generated by org.testng.reporters.JUnitReportReporter -->
<testsuite hostname="DESKTOP-C0K6CVK" failures="0" tests="1" name="automation.selenium.HandleTooltipDemo" time="4.950" errors="0" timestamp="2023-03-12T19:24:41 IST" skipped="0">
  <testcase classname="automation.selenium.HandleTooltipDemo" name="toolTip" time="4.950"/>
  <system-out/>
</testsuite> <!-- automation.selenium.HandleTooltipDemo -->
