<?xml version="1.0" encoding="UTF-8"?>
<!-- Generated by org.testng.reporters.JUnitReportReporter -->
<testsuite hostname="DESKTOP-C0K6CVK" failures="0" tests="1" name="automation.selenium.AutoCompleteDemo" time="13.153" errors="0" timestamp="2023-03-13T15:37:05 IST" skipped="0">
  <testcase classname="automation.selenium.AutoCompleteDemo" name="SelectableDemo" time="13.153"/>
  <system-out/>
</testsuite> <!-- automation.selenium.AutoCompleteDemo -->
