<?xml version="1.0" encoding="UTF-8"?>
<!-- Generated by org.testng.reporters.JUnitReportReporter -->
<testsuite hostname="DESKTOP-C0K6CVK" failures="0" tests="5" name="automation.selenium.LocatorsDemo" time="8.353" errors="0" timestamp="2023-03-12T14:40:33 IST" skipped="4">
  <testcase classname="automation.selenium.LocatorsDemo" name="bylinkandPartialLinkText" time="8.353"/>
  <system-out/>
  <testcase classname="automation.selenium.LocatorsDemo" name="byclassName">
    <skipped/>
  </testcase> <!-- byclassName -->
  <system-out/>
  <testcase classname="automation.selenium.LocatorsDemo" name="byName">
    <skipped/>
  </testcase> <!-- byName -->
  <system-out/>
  <testcase classname="automation.selenium.LocatorsDemo" name="byId">
    <skipped/>
  </testcase> <!-- byId -->
  <system-out/>
  <testcase classname="automation.selenium.LocatorsDemo" name="byTagName">
    <skipped/>
  </testcase> <!-- byTagName -->
  <system-out/>
</testsuite> <!-- automation.selenium.LocatorsDemo -->
