<?xml version="1.0" encoding="UTF-8"?>
<!-- Generated by org.testng.reporters.JUnitReportReporter -->
<testsuite hostname="DESKTOP-C0K6CVK" failures="0" tests="4" name="multiple.DataProviderDemoInSingleTC" time="45.855" errors="0" timestamp="2023-03-16T19:27:10 IST" skipped="0">
  <testcase classname="multiple.DataProviderDemoInSingleTC" name="Login_using_POM" time="15.232"/>
  <system-out/>
  <testcase classname="multiple.DataProviderDemoInSingleTC" name="Login_using_POM" time="9.466"/>
  <system-out/>
  <testcase classname="multiple.DataProviderDemoInSingleTC" name="Login_using_POM" time="7.783"/>
  <system-out/>
  <testcase classname="multiple.DataProviderDemoInSingleTC" name="Login_using_POM" time="13.374"/>
  <system-out/>
</testsuite> <!-- multiple.DataProviderDemoInSingleTC -->
