<?xml version="1.0" encoding="UTF-8"?>
<!-- Generated by org.testng.reporters.JUnitReportReporter -->
<testsuite hostname="DESKTOP-C0K6CVK" failures="0" tests="6" name="automation.selenium.ButtonHandlingDemo" time="7.316" errors="0" timestamp="2023-03-12T21:24:45 IST" skipped="5">
  <testcase classname="automation.selenium.ButtonHandlingDemo" name="CheckBoxDemo" time="7.316"/>
  <system-out/>
  <testcase classname="automation.selenium.ButtonHandlingDemo" name="FindSelected">
    <skipped/>
  </testcase> <!-- FindSelected -->
  <system-out/>
  <testcase classname="automation.selenium.ButtonHandlingDemo" name="SelectedDemo">
    <skipped/>
  </testcase> <!-- SelectedDemo -->
  <system-out/>
  <testcase classname="automation.selenium.ButtonHandlingDemo" name="FindBug">
    <skipped/>
  </testcase> <!-- FindBug -->
  <system-out/>
  <testcase classname="automation.selenium.ButtonHandlingDemo" name="EnabledDemo">
    <skipped/>
  </testcase> <!-- EnabledDemo -->
  <system-out/>
  <testcase classname="automation.selenium.ButtonHandlingDemo" name="ButtonRadio">
    <skipped/>
  </testcase> <!-- ButtonRadio -->
  <system-out/>
</testsuite> <!-- automation.selenium.ButtonHandlingDemo -->
