<?xml version="1.0" encoding="UTF-8"?>
<!-- Generated by org.testng.reporters.JUnitReportReporter -->
<testsuite hostname="DESKTOP-C0K6CVK" failures="0" tests="3" name="automation.selenium.CssandXpathDemo" time="9.363" errors="0" timestamp="2023-03-12T14:55:56 IST" skipped="2">
  <testcase classname="automation.selenium.CssandXpathDemo" name="cssTagClass" time="9.363"/>
  <system-out/>
  <testcase classname="automation.selenium.CssandXpathDemo" name="cssTagID">
    <skipped/>
  </testcase> <!-- cssTagID -->
  <system-out/>
  <testcase classname="automation.selenium.CssandXpathDemo" name="xpath">
    <skipped/>
  </testcase> <!-- xpath -->
  <system-out/>
</testsuite> <!-- automation.selenium.CssandXpathDemo -->
