<?xml version="1.0" encoding="UTF-8"?>
<!-- Generated by org.testng.reporters.JUnitReportReporter -->
<testsuite hostname="DESKTOP-C0K6CVK" failures="0" tests="2" name="automation.selenium.WindowHandlingDemo" time="14.828" errors="0" timestamp="2023-03-12T17:56:57 IST" skipped="1">
  <testcase classname="automation.selenium.WindowHandlingDemo" name="MutiWindow" time="14.828"/>
  <system-out/>
  <testcase classname="automation.selenium.WindowHandlingDemo" name="parentWindow">
    <skipped/>
  </testcase> <!-- parentWindow -->
  <system-out/>
</testsuite> <!-- automation.selenium.WindowHandlingDemo -->
