<?xml version="1.0" encoding="UTF-8"?>
<!-- Generated by org.testng.reporters.JUnitReportReporter -->
<testsuite hostname="DESKTOP-C0K6CVK" failures="0" tests="2" name="automation.selenium.WebTablesDemo" time="11.257" errors="0" timestamp="2023-03-15T17:13:24 IST" skipped="1">
  <testcase classname="automation.selenium.WebTablesDemo" name="SortTable" time="11.257"/>
  <system-out/>
  <testcase classname="automation.selenium.WebTablesDemo" name="TableDemo1">
    <skipped/>
  </testcase> <!-- TableDemo1 -->
  <system-out/>
</testsuite> <!-- automation.selenium.WebTablesDemo -->
