<?xml version="1.0" encoding="UTF-8"?>
<!-- Generated by org.testng.reporters.JUnitReportReporter -->
<testsuite hostname="DESKTOP-C0K6CVK" failures="0" tests="6" name="automation.selenium.MouseActionsDemo" time="6.106" errors="0" timestamp="2023-03-12T21:40:49 IST" skipped="5">
  <testcase classname="automation.selenium.MouseActionsDemo" name="SelectableDemo" time="6.106"/>
  <system-out/>
  <testcase classname="automation.selenium.MouseActionsDemo" name="moveToAndClick">
    <skipped/>
  </testcase> <!-- moveToAndClick -->
  <system-out/>
  <testcase classname="automation.selenium.MouseActionsDemo" name="ChordTab">
    <skipped/>
  </testcase> <!-- ChordTab -->
  <system-out/>
  <testcase classname="automation.selenium.MouseActionsDemo" name="DoubleClick">
    <skipped/>
  </testcase> <!-- DoubleClick -->
  <system-out/>
  <testcase classname="automation.selenium.MouseActionsDemo" name="ContextClick">
    <skipped/>
  </testcase> <!-- ContextClick -->
  <system-out/>
  <testcase classname="automation.selenium.MouseActionsDemo" name="SelectMultipleKeys">
    <skipped/>
  </testcase> <!-- SelectMultipleKeys -->
  <system-out/>
</testsuite> <!-- automation.selenium.MouseActionsDemo -->
