<?xml version="1.0" encoding="UTF-8"?>
<!-- Generated by org.testng.reporters.JUnitReportReporter -->
<testsuite hostname="DESKTOP-C0K6CVK" failures="0" tests="1" name="multiple.TC1" time="13.059" errors="0" timestamp="2023-03-16T19:17:45 IST" skipped="0">
  <testcase classname="multiple.TC1" name="Login_using_POM" time="13.059"/>
  <system-out/>
</testsuite> <!-- multiple.TC1 -->
