<?xml version="1.0" encoding="UTF-8"?>
<!-- Generated by org.testng.reporters.JUnitReportReporter -->
<testsuite hostname="DESKTOP-C0K6CVK" failures="0" tests="2" name="automation.selenium.DDdemo" time="6.273" errors="0" timestamp="2023-03-12T15:27:05 IST" skipped="1">
  <testcase classname="automation.selenium.DDdemo" name="DDby" time="6.273"/>
  <system-out/>
  <testcase classname="automation.selenium.DDdemo" name="DD">
    <skipped/>
  </testcase> <!-- DD -->
  <system-out/>
</testsuite> <!-- automation.selenium.DDdemo -->
