<?xml version="1.0" encoding="UTF-8"?>
<!-- Generated by org.testng.reporters.JUnitReportReporter -->
<testsuite hostname="DESKTOP-C0K6CVK" failures="0" tests="1" name="automation.selenium.CheckDownloadDemo" time="10.002" errors="0" timestamp="2023-03-13T16:15:23 IST" skipped="0">
  <testcase classname="automation.selenium.CheckDownloadDemo" name="DownloadCheck" time="10.002"/>
  <system-out/>
</testsuite> <!-- automation.selenium.CheckDownloadDemo -->
