<?xml version="1.0" encoding="UTF-8"?>
<!-- Generated by org.testng.reporters.JUnitReportReporter -->
<testsuite hostname="DESKTOP-C0K6CVK" failures="0" tests="5" name="multiple.DDusingPOI" time="28.310" errors="0" timestamp="2023-03-16T21:00:09 IST" skipped="0">
  <testcase classname="multiple.DDusingPOI" name="Login_using_POM" time="3.233"/>
  <system-out/>
  <testcase classname="multiple.DDusingPOI" name="Login_using_POM" time="11.807"/>
  <system-out/>
  <testcase classname="multiple.DDusingPOI" name="Login_using_POM" time="2.879"/>
  <system-out/>
  <testcase classname="multiple.DDusingPOI" name="Login_using_POM" time="2.876"/>
  <system-out/>
  <testcase classname="multiple.DDusingPOI" name="Login_using_POM" time="7.515"/>
  <system-out/>
</testsuite> <!-- multiple.DDusingPOI -->
