<?xml version="1.0" encoding="UTF-8"?>
<!-- Generated by org.testng.reporters.JUnitReportReporter -->
<testsuite hostname="DESKTOP-C0K6CVK" failures="0" tests="1" name="automation.selenium.UploadFileDemo" time="3.870" errors="0" timestamp="2023-03-13T17:05:55 IST" skipped="0">
  <testcase classname="automation.selenium.UploadFileDemo" name="DownloadCheck" time="3.870"/>
  <system-out/>
</testsuite> <!-- automation.selenium.UploadFileDemo -->
