<?xml version="1.0" encoding="UTF-8"?>
<!-- Generated by org.testng.reporters.JUnitReportReporter -->
<testsuite hostname="DESKTOP-C0K6CVK" failures="0" tests="2" name="automation.selenium.CalenderDemo" time="27.483" errors="0" timestamp="2023-03-14T21:48:36 IST" skipped="1">
  <testcase classname="automation.selenium.CalenderDemo" name="CalendarByCode" time="27.483"/>
  <system-out/>
  <testcase classname="automation.selenium.CalenderDemo" name="CalendarBySendKeys">
    <skipped/>
  </testcase> <!-- CalendarBySendKeys -->
  <system-out/>
</testsuite> <!-- automation.selenium.CalenderDemo -->
