<?xml version="1.0" encoding="UTF-8"?>
<!-- Generated by org.testng.reporters.JUnitReportReporter -->
<testsuite hostname="DESKTOP-C0K6CVK" failures="0" tests="3" name="automation.selenium.SSDemo" time="7.650" errors="0" timestamp="2023-03-12T17:36:44 IST" skipped="2">
  <testcase classname="automation.selenium.SSDemo" name="SS3" time="7.650"/>
  <system-out/>
  <testcase classname="automation.selenium.SSDemo" name="SS1">
    <skipped/>
  </testcase> <!-- SS1 -->
  <system-out/>
  <testcase classname="automation.selenium.SSDemo" name="SS2">
    <skipped/>
  </testcase> <!-- SS2 -->
  <system-out/>
</testsuite> <!-- automation.selenium.SSDemo -->
