<?xml version="1.0" encoding="UTF-8"?>
<!-- Generated by org.testng.reporters.JUnitReportReporter -->
<testsuite hostname="DESKTOP-C0K6CVK" failures="0" tests="1" name="automation.selenium.WaitsDemo$ExplicitWait" time="17.732" errors="0" timestamp="2023-03-12T19:44:13 IST" skipped="0">
  <testcase classname="automation.selenium.WaitsDemo$ExplicitWait" name="ImplicitWait" time="17.732"/>
  <system-out/>
</testsuite> <!-- automation.selenium.WaitsDemo$ExplicitWait -->
