<?xml version="1.0" encoding="UTF-8"?>
<!-- Generated by org.testng.reporters.JUnitReportReporter -->
<testsuite hostname="DESKTOP-C0K6CVK" failures="0" tests="4" name="automation.selenium.AlertsDemo" time="9.989" errors="0" timestamp="2023-03-12T15:39:00 IST" skipped="3">
  <testcase classname="automation.selenium.AlertsDemo" name="SweetAlert" time="9.989"/>
  <system-out/>
  <testcase classname="automation.selenium.AlertsDemo" name="ConfirmAlert">
    <skipped/>
  </testcase> <!-- ConfirmAlert -->
  <system-out/>
  <testcase classname="automation.selenium.AlertsDemo" name="SimpleAlert">
    <skipped/>
  </testcase> <!-- SimpleAlert -->
  <system-out/>
  <testcase classname="automation.selenium.AlertsDemo" name="PromptAlert">
    <skipped/>
  </testcase> <!-- PromptAlert -->
  <system-out/>
</testsuite> <!-- automation.selenium.AlertsDemo -->
