<?xml version="1.0" encoding="UTF-8"?>
<!-- Generated by org.testng.reporters.JUnitReportReporter -->
<testsuite hostname="DESKTOP-C0K6CVK" failures="0" tests="2" name="TestCases.LogoutTest" time="12.547" errors="0" timestamp="2023-03-15T18:57:41 IST" skipped="1">
  <testcase classname="TestCases.LogoutTest" name="Logout_using_POMPF" time="12.547"/>
  <system-out/>
  <testcase classname="TestCases.LogoutTest" name="Logout_using_POM">
    <skipped/>
  </testcase> <!-- Logout_using_POM -->
  <system-out/>
</testsuite> <!-- TestCases.LogoutTest -->
