<?xml version="1.0" encoding="UTF-8"?>
<!-- Generated by org.testng.reporters.JUnitReportReporter -->
<testsuite hostname="DESKTOP-C0K6CVK" failures="0" tests="3" name="automation.selenium.WaitsDemo" time="20.270" errors="0" timestamp="2023-03-12T19:56:25 IST" skipped="2">
  <testcase classname="automation.selenium.WaitsDemo" name="FluentWait" time="20.270"/>
  <system-out/>
  <testcase classname="automation.selenium.WaitsDemo" name="ImplicitWait">
    <skipped/>
  </testcase> <!-- ImplicitWait -->
  <system-out/>
  <testcase classname="automation.selenium.WaitsDemo" name="ExplicitWait">
    <skipped/>
  </testcase> <!-- ExplicitWait -->
  <system-out/>
</testsuite> <!-- automation.selenium.WaitsDemo -->
