<?xml version="1.0" encoding="UTF-8"?>
<!-- Generated by org.testng.reporters.JUnitReportReporter -->
<testsuite hostname="DESKTOP-C0K6CVK" failures="0" tests="3" name="automation.selenium.BrokenElementDemo" time="37.165" errors="0" timestamp="2023-03-13T22:17:35 IST" skipped="2">
  <testcase classname="automation.selenium.BrokenElementDemo" name="InAPage" time="37.165"/>
  <system-out/>
  <testcase classname="automation.selenium.BrokenElementDemo" name="BrokenLinks">
    <skipped/>
  </testcase> <!-- BrokenLinks -->
  <system-out/>
  <testcase classname="automation.selenium.BrokenElementDemo" name="DownloadCheck">
    <skipped/>
  </testcase> <!-- DownloadCheck -->
  <system-out/>
</testsuite> <!-- automation.selenium.BrokenElementDemo -->
