<?xml version="1.0" encoding="UTF-8"?>
<!-- Generated by org.testng.reporters.JUnitReportReporter -->
<testsuite hostname="DESKTOP-C0K6CVK" failures="0" tests="4" name="automation.selenium.DropDownsDemo" time="7.163" errors="0" timestamp="2023-03-12T21:20:40 IST" skipped="3">
  <testcase classname="automation.selenium.DropDownsDemo" name="LastTry" time="7.163"/>
  <system-out/>
  <testcase classname="automation.selenium.DropDownsDemo" name="MultipleSelect">
    <skipped/>
  </testcase> <!-- MultipleSelect -->
  <system-out/>
  <testcase classname="automation.selenium.DropDownsDemo" name="TrySelect">
    <skipped/>
  </testcase> <!-- TrySelect -->
  <system-out/>
  <testcase classname="automation.selenium.DropDownsDemo" name="SingleSelect">
    <skipped/>
  </testcase> <!-- SingleSelect -->
  <system-out/>
</testsuite> <!-- automation.selenium.DropDownsDemo -->
