<?xml version="1.0" encoding="UTF-8"?>
<!-- Generated by org.testng.reporters.JUnitReportReporter -->
<testsuite hostname="DESKTOP-C0K6CVK" failures="0" tests="2" name="packages.restassured.training.SchemaValidations" time="5.949" errors="0" timestamp="2023-02-13T20:28:00 IST" skipped="0">
  <testcase classname="packages.restassured.training.SchemaValidations" name="JSONSchema" time="5.500"/>
  <system-out/>
  <testcase classname="packages.restassured.training.SchemaValidations" name="XMLSchema" time="0.449"/>
  <system-out/>
</testsuite> <!-- packages.restassured.training.SchemaValidations -->
