<?xml version="1.0" encoding="UTF-8"?>
<!-- Generated by org.testng.reporters.JUnitReportReporter -->
<testsuite hostname="DESKTOP-C0K6CVK" failures="0" tests="1" name="packages.restassured.training.DemoDataGenerateFaker" time="0.609" errors="0" timestamp="2023-02-14T12:24:45 IST" skipped="0">
  <testcase classname="packages.restassured.training.DemoDataGenerateFaker" name="fakerDemo" time="0.609"/>
  <system-out/>
</testsuite> <!-- packages.restassured.training.DemoDataGenerateFaker -->
