<?xml version="1.0" encoding="UTF-8"?>
<!-- Generated by org.testng.reporters.JUnitReportReporter -->
<testsuite hostname="DESKTOP-C0K6CVK" failures="0" tests="3" name="jackson.annotations.JsonAnnotationsDemo" time="0.599" errors="0" timestamp="2023-02-27T20:33:20 IST" skipped="2">
  <testcase classname="jackson.annotations.JsonAnnotationsDemo" name="JsonRawValue" time="0.599"/>
  <system-out/>
  <testcase classname="jackson.annotations.JsonAnnotationsDemo" name="JsonGetter">
    <skipped/>
  </testcase> <!-- JsonGetter -->
  <system-out/>
  <testcase classname="jackson.annotations.JsonAnnotationsDemo" name="testJsonAnyGetter">
    <skipped/>
  </testcase> <!-- testJsonAnyGetter -->
  <system-out/>
</testsuite> <!-- jackson.annotations.JsonAnnotationsDemo -->
