<?xml version="1.0" encoding="UTF-8"?>
<!-- Generated by org.testng.reporters.JUnitReportReporter -->
<testsuite hostname="DESKTOP-C0K6CVK" failures="0" tests="1" name="packages.restassured.training.CreateUserAPIChain" time="5.991" errors="0" timestamp="2023-02-14T19:01:04 IST" skipped="0">
  <testcase classname="packages.restassured.training.CreateUserAPIChain" name="createUser" time="5.991"/>
  <system-out/>
</testsuite> <!-- packages.restassured.training.CreateUserAPIChain -->
