<?xml version="1.0" encoding="UTF-8"?>
<!-- Generated by org.testng.reporters.JUnitReportReporter -->
<testsuite hostname="DESKTOP-C0K6CVK" failures="0" tests="4" name="packages.restassured.training.HttpRequestDemo" time="6.934" errors="0" timestamp="2023-02-12T12:57:15 IST" skipped="0">
  <testcase classname="packages.restassured.training.HttpRequestDemo" name="getUsers" time="3.981"/>
  <system-out/>
  <testcase classname="packages.restassured.training.HttpRequestDemo" name="createUser" time="1.438"/>
  <system-out/>
  <testcase classname="packages.restassured.training.HttpRequestDemo" name="updateUser" time="0.884"/>
  <system-out/>
  <testcase classname="packages.restassured.training.HttpRequestDemo" name="deleteUser" time="0.631"/>
  <system-out/>
</testsuite> <!-- packages.restassured.training.HttpRequestDemo -->
