<?xml version="1.0" encoding="UTF-8"?>
<!-- Generated by org.testng.reporters.JUnitReportReporter -->
<testsuite hostname="DESKTOP-C0K6CVK" failures="0" tests="2" name="packages.restassured.training.PostRequestBodyMethods" time="4.377" errors="0" timestamp="2023-02-13T13:48:01 IST" skipped="0">
  <testcase classname="packages.restassured.training.PostRequestBodyMethods" name="POJOMethod" time="3.696"/>
  <system-out/>
  <testcase classname="packages.restassured.training.PostRequestBodyMethods" name="deleteUser" time="0.681"/>
  <system-out/>
</testsuite> <!-- packages.restassured.training.PostRequestBodyMethods -->
