<?xml version="1.0" encoding="UTF-8"?>
<!-- Generated by org.testng.reporters.JUnitReportReporter -->
<testsuite hostname="DESKTOP-C0K6CVK" failures="0" tests="4" name="learn.automation.online.nonBdd" time="9.000" errors="0" timestamp="2023-02-19T15:00:02 IST" skipped="0">
  <testcase classname="learn.automation.online.nonBdd" name="getPetStoreUsers" time="4.191"/>
  <system-out/>
  <testcase classname="learn.automation.online.nonBdd" name="createUser" time="1.655"/>
  <system-out/>
  <testcase classname="learn.automation.online.nonBdd" name="updatePet" time="1.542"/>
  <system-out/>
  <testcase classname="learn.automation.online.nonBdd" name="deletPet" time="1.612"/>
  <system-out/>
</testsuite> <!-- learn.automation.online.nonBdd -->
