<?xml version="1.0" encoding="UTF-8"?>
<!-- Generated by org.testng.reporters.JUnitReportReporter -->
<testsuite hostname="DESKTOP-C0K6CVK" failures="0" tests="2" name="packages.restassured.training.FileUploadDownload" time="7.321" errors="0" timestamp="2023-02-13T17:04:30 IST" skipped="0">
  <testcase classname="packages.restassured.training.FileUploadDownload" name="dwnld" time="5.165"/>
  <system-out/>
  <testcase classname="packages.restassured.training.FileUploadDownload" name="singleFile" time="2.156"/>
  <system-out/>
</testsuite> <!-- packages.restassured.training.FileUploadDownload -->
