<?xml version="1.0" encoding="UTF-8"?>
<!-- Generated by org.testng.reporters.JUnitReportReporter -->
<testsuite hostname="DESKTOP-C0K6CVK" failures="0" tests="1" name="packages.restassured.training.XMLPathDemo" time="2.744" errors="0" timestamp="2023-02-13T13:43:17 IST" skipped="0">
  <testcase classname="packages.restassured.training.XMLPathDemo" name="app3" time="2.744"/>
  <system-out/>
</testsuite> <!-- packages.restassured.training.XMLPathDemo -->
