<?xml version="1.0" encoding="UTF-8"?>
<!-- Generated by org.testng.reporters.JUnitReportReporter -->
<testsuite hostname="DESKTOP-C0K6CVK" failures="0" tests="2" name="learn.automation.online.ConfigurationDemo" time="0.155" errors="1" timestamp="2023-02-25T10:13:46 IST" skipped="1">
  <testcase classname="learn.automation.online.ConfigurationDemo" name="NULLConfig" time="0.155">
    <error message="No results for path: $[&#039;store&#039;][&#039;book&#039;][0][&#039;isbn&#039;]" type="com.jayway.jsonpath.PathNotFoundException">
      <![CDATA[com.jayway.jsonpath.PathNotFoundException: No results for path: $['store']['book'][0]['isbn']
]]>
    </error>
  </testcase> <!-- NULLConfig -->
  <system-out/>
  <testcase classname="learn.automation.online.ConfigurationDemo" name="DefaultConfig">
    <skipped/>
  </testcase> <!-- DefaultConfig -->
  <system-out/>
</testsuite> <!-- learn.automation.online.ConfigurationDemo -->
