<?xml version="1.0" encoding="UTF-8"?>
<!-- Generated by org.testng.reporters.JUnitReportReporter -->
<testsuite hostname="DESKTOP-C0K6CVK" failures="0" tests="1" name="packages.restassured.training.AuthTest" time="4.587" errors="0" timestamp="2023-02-18T15:22:25 IST" skipped="0">
  <testcase classname="packages.restassured.training.AuthTest" name="basicAuth" time="4.587"/>
  <system-out/>
</testsuite> <!-- packages.restassured.training.AuthTest -->
