<?xml version="1.0" encoding="UTF-8"?>
<!-- Generated by org.testng.reporters.JUnitReportReporter -->
<testsuite hostname="DESKTOP-C0K6CVK" failures="0" tests="4" name="learn.automation.online.ReqSpecificationDemo" time="4.615" errors="0" timestamp="2023-02-25T21:47:07 IST" skipped="0">
  <testcase classname="learn.automation.online.ReqSpecificationDemo" name="reqDemo" time="3.090"/>
  <system-out/>
  <testcase classname="learn.automation.online.ReqSpecificationDemo" name="emptyMethodDemo" time="0.431"/>
  <system-out/>
  <testcase classname="learn.automation.online.ReqSpecificationDemo" name="overrideDemo" time="0.390"/>
  <system-out/>
  <testcase classname="learn.automation.online.ReqSpecificationDemo" name="reqSpecBuiler" time="0.704"/>
  <system-out/>
</testsuite> <!-- learn.automation.online.ReqSpecificationDemo -->
