<?xml version="1.0" encoding="UTF-8"?>
<!-- Generated by org.testng.reporters.JUnitReportReporter -->
<testsuite hostname="DESKTOP-C0K6CVK" failures="0" tests="1" name="restassured.apichain.GetUserAPIChain" time="0.770" errors="0" timestamp="2023-02-14T20:40:46 IST" skipped="0">
  <testcase classname="restassured.apichain.GetUserAPIChain" name="getListUser" time="0.770"/>
  <system-out/>
</testsuite> <!-- restassured.apichain.GetUserAPIChain -->
