<?xml version="1.0" encoding="UTF-8"?>
<!-- Generated by org.testng.reporters.JUnitReportReporter -->
<testsuite hostname="DESKTOP-C0K6CVK" failures="0" tests="3" name="learn.automation.online.JsonPathLearnings" time="0.203" errors="0" timestamp="2023-02-24T14:35:06 IST" skipped="2">
  <testcase classname="learn.automation.online.JsonPathLearnings" name="FluentAPIParsing" time="0.203"/>
  <system-out/>
  <testcase classname="learn.automation.online.JsonPathLearnings" name="readJsonMethod2c">
    <skipped/>
  </testcase> <!-- readJsonMethod2c -->
  <system-out/>
  <testcase classname="learn.automation.online.JsonPathLearnings" name="readJsonPath">
    <skipped/>
  </testcase> <!-- readJsonPath -->
  <system-out/>
</testsuite> <!-- learn.automation.online.JsonPathLearnings -->
