<?xml version="1.0" encoding="UTF-8"?>
<!-- Generated by org.testng.reporters.JUnitReportReporter -->
<testsuite hostname="DESKTOP-C0K6CVK" failures="0" tests="3" name="learn.automation.online.PredictedDemo" time="0.234" errors="0" timestamp="2023-02-25T06:09:51 IST" skipped="0">
  <testcase classname="learn.automation.online.PredictedDemo" name="InlinePredicate" time="0.214"/>
  <system-out/>
  <testcase classname="learn.automation.online.PredictedDemo" name="filterPredicate" time="0.012"/>
  <system-out/>
  <testcase classname="learn.automation.online.PredictedDemo" name="userDefinedPredicate" time="0.008"/>
  <system-out/>
</testsuite> <!-- learn.automation.online.PredictedDemo -->
