<?xml version="1.0" encoding="UTF-8"?>
<!-- Generated by org.testng.reporters.JUnitReportReporter -->
<testsuite hostname="DESKTOP-C0K6CVK" failures="0" tests="1" name="packages.restassured.training.CookieHeaderParams" time="5.502" errors="0" timestamp="2023-02-12T16:15:50 IST" skipped="0">
  <testcase classname="packages.restassured.training.CookieHeaderParams" name="verifyHeader" time="5.502"/>
  <system-out/>
</testsuite> <!-- packages.restassured.training.CookieHeaderParams -->
