<?xml version="1.0" encoding="UTF-8"?>
<!-- Generated by org.testng.reporters.JUnitReportReporter -->
<testsuite hostname="DESKTOP-C0K6CVK" failures="0" tests="1" name="jackson.annotations.jsonAnyGetterDemo" time="0.389" errors="0" timestamp="2023-02-27T19:45:18 IST" skipped="0">
  <testcase classname="jackson.annotations.jsonAnyGetterDemo" name="testJsonAnyGetter" time="0.389"/>
  <system-out/>
</testsuite> <!-- jackson.annotations.jsonAnyGetterDemo -->
