<?xml version="1.0" encoding="UTF-8"?>
<!-- Generated by org.testng.reporters.JUnitReportReporter -->
<testsuite hostname="DESKTOP-C0K6CVK" failures="0" tests="1" name="learn.automation.online.complex.pojo.SerializeDemo" time="0.376" errors="0" timestamp="2023-02-25T18:16:01 IST" skipped="0">
  <testcase classname="learn.automation.online.complex.pojo.SerializeDemo" name="setDetails" time="0.376"/>
  <system-out/>
</testsuite> <!-- learn.automation.online.complex.pojo.SerializeDemo -->
