<?xml version="1.0" encoding="UTF-8"?>
<!-- Generated by org.testng.reporters.JUnitReportReporter -->
<testsuite hostname="DESKTOP-C0K6CVK" failures="0" tests="4" name="learn.automation.online.DeserializeTypes" time="2.632" errors="0" timestamp="2023-02-25T11:39:31 IST" skipped="3">
  <testcase classname="learn.automation.online.DeserializeTypes" name="usingRestFunction" time="2.632"/>
  <system-out/>
  <testcase classname="learn.automation.online.DeserializeTypes" name="ObjMapperMethod">
    <skipped/>
  </testcase> <!-- ObjMapperMethod -->
  <system-out/>
  <testcase classname="learn.automation.online.DeserializeTypes" name="jsonJaywayMethod">
    <skipped/>
  </testcase> <!-- jsonJaywayMethod -->
  <system-out/>
  <testcase classname="learn.automation.online.DeserializeTypes" name="restJsonPath">
    <skipped/>
  </testcase> <!-- restJsonPath -->
  <system-out/>
</testsuite> <!-- learn.automation.online.DeserializeTypes -->
