<?xml version="1.0" encoding="UTF-8"?>
<!-- Generated by org.testng.reporters.JUnitReportReporter -->
<testsuite hostname="DESKTOP-C0K6CVK" failures="0" tests="2" name="packages.restassured.training.SerializeDeserialize" time="0.553" errors="0" timestamp="2023-02-19T15:13:43 IST" skipped="0">
  <testcase classname="packages.restassured.training.SerializeDeserialize" name="serializeTest" time="0.498"/>
  <system-out/>
  <testcase classname="packages.restassured.training.SerializeDeserialize" name="DeserializeTest" time="0.055"/>
  <system-out/>
</testsuite> <!-- packages.restassured.training.SerializeDeserialize -->
