<?xml version="1.0" encoding="UTF-8"?>
<!-- Generated by org.testng.reporters.JUnitReportReporter -->
<testsuite hostname="DESKTOP-C0K6CVK" failures="0" tests="1" name="packages.restassured.training.JSONResponseValidation" time="2.445" errors="0" timestamp="2023-02-12T19:15:38 IST" skipped="0">
  <testcase classname="packages.restassured.training.JSONResponseValidation" name="testApproach3" time="2.445"/>
  <system-out/>
</testsuite> <!-- packages.restassured.training.JSONResponseValidation -->
